<?xml version="1.0" encoding="UTF-8"?>
<!-- Generated by org.testng.reporters.JUnitReportReporter -->
<testsuite skipped="0" hostname="DESKTOP-TRKNI3A" name="test.LoginTest" tests="1" failures="0" timestamp="19 Jun 2021 16:05:03 GMT" time="18.744" errors="0">
  <testcase name="validUserSouldBeAbleToLogin" time="18.744" classname="test.LoginTest"/>
</testsuite> <!-- test.LoginTest -->
